<?xml version="1.0" encoding="UTF-8"?>
<!-- Generated by org.testng.reporters.JUnitReportReporter -->
<testsuite hostname="user1" failures="0" tests="1" name="RelativeLocatorTest" time="5.635" errors="0" timestamp="2025-04-04T09:52:16 IST" skipped="0">
  <testcase classname="RelativeLocatorTest" name="relativeLoc" time="5.635"/>
</testsuite> <!-- RelativeLocatorTest -->
