<?xml version="1.0" encoding="UTF-8"?>
<!-- Generated by org.testng.reporters.JUnitReportReporter -->
<testsuite hostname="user1" failures="0" tests="1" name="testScripts.WebTables" time="5.410" errors="0" timestamp="2025-03-25T17:49:16 IST" skipped="0">
  <testcase classname="testScripts.WebTables" name="f" time="5.410"/>
</testsuite> <!-- testScripts.WebTables -->
